0 info it worked if it ends with ok
1 verbose cli [ 'C:\\Program Files (x86)\\nodejs\\node.exe',
1 verbose cli   'C:\\Program Files (x86)\\nodejs\\node_modules\\npm\\bin\\npm-cli.js',
1 verbose cli   'run',
1 verbose cli   'lint' ]
2 info using npm@3.10.10
3 info using node@v6.10.0
4 verbose run-script [ 'prelint', 'lint', 'postlint' ]
5 info lifecycle toccer@0.1.0~prelint: toccer@0.1.0
6 silly lifecycle toccer@0.1.0~prelint: no script for prelint, continuing
7 info lifecycle toccer@0.1.0~lint: toccer@0.1.0
8 verbose lifecycle toccer@0.1.0~lint: unsafe-perm in lifecycle true
9 verbose lifecycle toccer@0.1.0~lint: PATH: C:\Program Files (x86)\nodejs\node_modules\npm\bin\node-gyp-bin;D:\Dev\toccer\node_modules\.bin;C:\Python27\;C:\Python27\Scripts;C:\Program Files\Haskell\bin;C:\Program Files\Haskell Platform\7.10.3\lib\extralibs\bin;C:\Program Files\Haskell Platform\7.10.3\bin;C:\ImageMagick-6.9.2-Q16;C:\ProgramData\Oracle\Java\javapath;C:\Program Files (x86)\Intel\iCLS Client\;C:\Program Files\Intel\iCLS Client\;C:\Program Files (x86)\NVIDIA Corporation\PhysX\Common;C:\Windows\system32;C:\Windows;C:\Windows\System32\Wbem;C:\Windows\System32\WindowsPowerShell\v1.0\;C:\Program Files\Intel\Intel(R) Management Engine Components\DAL;C:\Program Files (x86)\Intel\Intel(R) Management Engine Components\DAL;C:\Program Files\Intel\Intel(R) Management Engine Components\IPT;C:\Program Files (x86)\Intel\Intel(R) Management Engine Components\IPT;C:\Program Files (x86)\Acer\abFiles\;D:\gradle-2.3\bin;C:\Program Files (x86)\Windows Kits\8.1\Windows Performance Toolkit\;C:\Program Files\Microsoft SQL Server\110\Tools\Binn\;C:\Program Files (x86)\Microsoft SDKs\TypeScript\1.0\;C:\Program Files\Microsoft SQL Server\120\Tools\Binn\;C:\Program Files (x86)\Git\cmd;C:\Program Files\TortoiseSVN\bin;C:\Program Files\Haskell Platform\7.10.3\mingw\bin;C:\WINDOWS\system32;C:\WINDOWS;C:\WINDOWS\System32\Wbem;C:\WINDOWS\System32\WindowsPowerShell\v1.0\;C:\Program Files (x86)\GtkSharp\2.12\bin;C:\Program Files\Java\jdk1.8.0_40\bin;C:\Program Files (x86)\nodejs\;C:\Program Files (x86)\Skype\Phone\;C:\Program Files\PuTTY\;C:\Program Files (x86)\MiKTeX 2.9\miktex\bin\;C:\Users\Connor\AppData\Roaming\cabal\bin;C:\RailsInstaller\Git\cmd;C:\RailsInstaller\Ruby2.0.0\bin;C:\Program Files (x86)\sox-14.4.2;C:\Qt\Qt5.4.1\5.4\mingw491_32\bin;C:\Program Files\7-Zip;C:\Program Files\Unity\Editor;C:\Program Files (x86)\nodejs;D:\apache-maven-3.3.1\bin;C:\Users\Connor\AppData\Local\Microsoft\WindowsApps;C:\Users\Connor\AppData\Roaming\npm
10 verbose lifecycle toccer@0.1.0~lint: CWD: D:\Dev\toccer
11 silly lifecycle toccer@0.1.0~lint: Args: [ '/d /s /c', 'eslint .' ]
12 silly lifecycle toccer@0.1.0~lint: Returned: code: 1  signal: null
13 info lifecycle toccer@0.1.0~lint: Failed to exec lint script
14 verbose stack Error: toccer@0.1.0 lint: `eslint .`
14 verbose stack Exit status 1
14 verbose stack     at EventEmitter.<anonymous> (C:\Program Files (x86)\nodejs\node_modules\npm\lib\utils\lifecycle.js:255:16)
14 verbose stack     at emitTwo (events.js:106:13)
14 verbose stack     at EventEmitter.emit (events.js:191:7)
14 verbose stack     at ChildProcess.<anonymous> (C:\Program Files (x86)\nodejs\node_modules\npm\lib\utils\spawn.js:40:14)
14 verbose stack     at emitTwo (events.js:106:13)
14 verbose stack     at ChildProcess.emit (events.js:191:7)
14 verbose stack     at maybeClose (internal/child_process.js:877:16)
14 verbose stack     at Process.ChildProcess._handle.onexit (internal/child_process.js:226:5)
15 verbose pkgid toccer@0.1.0
16 verbose cwd D:\Dev\toccer
17 error Windows_NT 10.0.14393
18 error argv "C:\\Program Files (x86)\\nodejs\\node.exe" "C:\\Program Files (x86)\\nodejs\\node_modules\\npm\\bin\\npm-cli.js" "run" "lint"
19 error node v6.10.0
20 error npm  v3.10.10
21 error code ELIFECYCLE
22 error toccer@0.1.0 lint: `eslint .`
22 error Exit status 1
23 error Failed at the toccer@0.1.0 lint script 'eslint .'.
23 error Make sure you have the latest version of node.js and npm installed.
23 error If you do, this is most likely a problem with the toccer package,
23 error not with npm itself.
23 error Tell the author that this fails on your system:
23 error     eslint .
23 error You can get information on how to open an issue for this project with:
23 error     npm bugs toccer
23 error Or if that isn't available, you can get their info via:
23 error     npm owner ls toccer
23 error There is likely additional logging output above.
24 verbose exit [ 1, true ]
